<?xml version="1.0" encoding="UTF-8"?>
<testsuite xmlns:xsi="http://www.w3.org/2001/XMLSchema-instance" xsi:noNamespaceSchemaLocation="https://maven.apache.org/surefire/maven-surefire-plugin/xsd/surefire-test-report.xsd" name="com.example.EtudiantResourceTest" time="13.514" tests="4" errors="1" skipped="3" failures="0">
  <properties>
[...]
</properties>
  <testcase name="testUpdateEtudiant" classname="com.example.EtudiantResourceTest" time="0.031">
    <error message="java.lang.RuntimeException: io.quarkus.builder.BuildException: Build failure: Build failed due to errors&#10;	[error]: Build step io.quarkus.amazon.common.deployment.AmazonServicesClientsProcessor#setup threw an exception: jakarta.enterprise.inject.spi.DeploymentException: Missing &apos;software.amazon.awssdk:url-connection-client&apos; dependency on the classpath&#10;	at io.quarkus.amazon.common.deployment.AmazonServicesClientsProcessor.missingDependencyException(AmazonServicesClientsProcessor.java:165)&#10;	at io.quarkus.amazon.common.deployment.AmazonServicesClientsProcessor.setup(AmazonServicesClientsProcessor.java:123)&#10;	at java.base/jdk.internal.reflect.NativeMethodAccessorImpl.invoke0(Native Method)&#10;	at java.base/jdk.internal.reflect.NativeMethodAccessorImpl.invoke(NativeMethodAccessorImpl.java:77)&#10;	at java.base/jdk.internal.reflect.DelegatingMethodAccessorImpl.invoke(DelegatingMethodAccessorImpl.java:43)&#10;	at java.base/java.lang.reflect.Method.invoke(Method.java:568)&#10;	at io.quarkus.deployment.ExtensionLoader$3.execute(ExtensionLoader.java:909)&#10;	at io.quarkus.builder.BuildContext.run(BuildContext.java:282)&#10;	at org.jboss.threads.ContextHandler$1.runWith(ContextHandler.java:18)&#10;	at org.jboss.threads.EnhancedQueueExecutor$Task.run(EnhancedQueueExecutor.java:2513)&#10;	at org.jboss.threads.EnhancedQueueExecutor$ThreadBody.run(EnhancedQueueExecutor.java:1538)&#10;	at java.base/java.lang.Thread.run(Thread.java:840)&#10;	at org.jboss.threads.JBossThread.run(JBossThread.java:501)&#10;" type="java.lang.RuntimeException">java.lang.RuntimeException: 
java.lang.RuntimeException: io.quarkus.builder.BuildException: Build failure: Build failed due to errors
	[error]: Build step io.quarkus.amazon.common.deployment.AmazonServicesClientsProcessor#setup threw an exception: jakarta.enterprise.inject.spi.DeploymentException: Missing 'software.amazon.awssdk:url-connection-client' dependency on the classpath
	at io.quarkus.amazon.common.deployment.AmazonServicesClientsProcessor.missingDependencyException(AmazonServicesClientsProcessor.java:165)
	at io.quarkus.amazon.common.deployment.AmazonServicesClientsProcessor.setup(AmazonServicesClientsProcessor.java:123)
	at java.base/jdk.internal.reflect.NativeMethodAccessorImpl.invoke0(Native Method)
	at java.base/jdk.internal.reflect.NativeMethodAccessorImpl.invoke(NativeMethodAccessorImpl.java:77)
	at java.base/jdk.internal.reflect.DelegatingMethodAccessorImpl.invoke(DelegatingMethodAccessorImpl.java:43)
	at java.base/java.lang.reflect.Method.invoke(Method.java:568)
	at io.quarkus.deployment.ExtensionLoader$3.execute(ExtensionLoader.java:909)
	at io.quarkus.builder.BuildContext.run(BuildContext.java:282)
	at org.jboss.threads.ContextHandler$1.runWith(ContextHandler.java:18)
	at org.jboss.threads.EnhancedQueueExecutor$Task.run(EnhancedQueueExecutor.java:2513)
	at org.jboss.threads.EnhancedQueueExecutor$ThreadBody.run(EnhancedQueueExecutor.java:1538)
	at java.base/java.lang.Thread.run(Thread.java:840)
	at org.jboss.threads.JBossThread.run(JBossThread.java:501)

Caused by: java.lang.RuntimeException: 
io.quarkus.builder.BuildException: Build failure: Build failed due to errors
	[error]: Build step io.quarkus.amazon.common.deployment.AmazonServicesClientsProcessor#setup threw an exception: jakarta.enterprise.inject.spi.DeploymentException: Missing 'software.amazon.awssdk:url-connection-client' dependency on the classpath
	at io.quarkus.amazon.common.deployment.AmazonServicesClientsProcessor.missingDependencyException(AmazonServicesClientsProcessor.java:165)
	at io.quarkus.amazon.common.deployment.AmazonServicesClientsProcessor.setup(AmazonServicesClientsProcessor.java:123)
	at java.base/jdk.internal.reflect.NativeMethodAccessorImpl.invoke0(Native Method)
	at java.base/jdk.internal.reflect.NativeMethodAccessorImpl.invoke(NativeMethodAccessorImpl.java:77)
	at java.base/jdk.internal.reflect.DelegatingMethodAccessorImpl.invoke(DelegatingMethodAccessorImpl.java:43)
	at java.base/java.lang.reflect.Method.invoke(Method.java:568)
	at io.quarkus.deployment.ExtensionLoader$3.execute(ExtensionLoader.java:909)
	at io.quarkus.builder.BuildContext.run(BuildContext.java:282)
	at org.jboss.threads.ContextHandler$1.runWith(ContextHandler.java:18)
	at org.jboss.threads.EnhancedQueueExecutor$Task.run(EnhancedQueueExecutor.java:2513)
	at org.jboss.threads.EnhancedQueueExecutor$ThreadBody.run(EnhancedQueueExecutor.java:1538)
	at java.base/java.lang.Thread.run(Thread.java:840)
	at org.jboss.threads.JBossThread.run(JBossThread.java:501)

Caused by: io.quarkus.builder.BuildException: 
Build failure: Build failed due to errors
	[error]: Build step io.quarkus.amazon.common.deployment.AmazonServicesClientsProcessor#setup threw an exception: jakarta.enterprise.inject.spi.DeploymentException: Missing 'software.amazon.awssdk:url-connection-client' dependency on the classpath
	at io.quarkus.amazon.common.deployment.AmazonServicesClientsProcessor.missingDependencyException(AmazonServicesClientsProcessor.java:165)
	at io.quarkus.amazon.common.deployment.AmazonServicesClientsProcessor.setup(AmazonServicesClientsProcessor.java:123)
	at java.base/jdk.internal.reflect.NativeMethodAccessorImpl.invoke0(Native Method)
	at java.base/jdk.internal.reflect.NativeMethodAccessorImpl.invoke(NativeMethodAccessorImpl.java:77)
	at java.base/jdk.internal.reflect.DelegatingMethodAccessorImpl.invoke(DelegatingMethodAccessorImpl.java:43)
	at java.base/java.lang.reflect.Method.invoke(Method.java:568)
	at io.quarkus.deployment.ExtensionLoader$3.execute(ExtensionLoader.java:909)
	at io.quarkus.builder.BuildContext.run(BuildContext.java:282)
	at org.jboss.threads.ContextHandler$1.runWith(ContextHandler.java:18)
	at org.jboss.threads.EnhancedQueueExecutor$Task.run(EnhancedQueueExecutor.java:2513)
	at org.jboss.threads.EnhancedQueueExecutor$ThreadBody.run(EnhancedQueueExecutor.java:1538)
	at java.base/java.lang.Thread.run(Thread.java:840)
	at org.jboss.threads.JBossThread.run(JBossThread.java:501)

Caused by: jakarta.enterprise.inject.spi.DeploymentException: Missing 'software.amazon.awssdk:url-connection-client' dependency on the classpath
</error>
  </testcase>
  <testcase name="testDeleteEtudiant" classname="com.example.EtudiantResourceTest" time="0">
    <skipped message="Boot failed" type="org.opentest4j.TestAbortedException">org.opentest4j.TestAbortedException: Boot failed
</skipped>
  </testcase>
  <testcase name="testGetEtudiant" classname="com.example.EtudiantResourceTest" time="0">
    <skipped message="Boot failed" type="org.opentest4j.TestAbortedException">org.opentest4j.TestAbortedException: Boot failed
</skipped>
  </testcase>
  <testcase name="testAddEtudiant" classname="com.example.EtudiantResourceTest" time="0">
    <skipped message="Boot failed" type="org.opentest4j.TestAbortedException">org.opentest4j.TestAbortedException: Boot failed
</skipped>
  </testcase>
</testsuite>